<?xml version="1.0" encoding="UTF-8"?>
<testsuite name="com.springboot_aws.book.springboot.web.dto.HelloResponseDtoTest" tests="1" skipped="0" failures="0" errors="0" timestamp="2021-06-17T14:43:24" hostname="DESKTOP-M3QIDCP" time="0.001">
  <properties/>
  <testcase name="lombokTest" classname="com.springboot_aws.book.springboot.web.dto.HelloResponseDtoTest" time="0.001"/>
  <system-out><![CDATA[]]></system-out>
  <system-err><![CDATA[]]></system-err>
</testsuite>
