<?xml version="1.0" encoding="UTF-8"?>
<testsuite name="com.springboot_aws.book.springboot.web.IndexControllerTest" tests="1" skipped="0" failures="0" errors="0" timestamp="2021-06-17T14:43:26" hostname="DESKTOP-M3QIDCP" time="0.18">
  <properties/>
  <testcase name="mainPageLoadingTest" classname="com.springboot_aws.book.springboot.web.IndexControllerTest" time="0.18"/>
  <system-out><![CDATA[2021-06-17 23:43:24.799  INFO 17876 --- [    Test worker] .b.t.c.SpringBootTestContextBootstrapper : Neither @ContextConfiguration nor @ContextHierarchy found for test class [com.springboot_aws.book.springboot.web.IndexControllerTest], using SpringBootContextLoader
2021-06-17 23:43:24.800  INFO 17876 --- [    Test worker] o.s.t.c.support.AbstractContextLoader    : Could not detect default resource locations for test class [com.springboot_aws.book.springboot.web.IndexControllerTest]: no resource found for suffixes {-context.xml, Context.groovy}.
2021-06-17 23:43:24.801  INFO 17876 --- [    Test worker] t.c.s.AnnotationConfigContextLoaderUtils : Could not detect default configuration classes for test class [com.springboot_aws.book.springboot.web.IndexControllerTest]: IndexControllerTest does not declare any static, non-private, non-final, nested classes annotated with @Configuration.
2021-06-17 23:43:24.802  INFO 17876 --- [    Test worker] .b.t.c.SpringBootTestContextBootstrapper : Found @SpringBootConfiguration com.springboot_aws.book.springboot.Application for test class com.springboot_aws.book.springboot.web.IndexControllerTest
2021-06-17 23:43:24.803  INFO 17876 --- [    Test worker] .b.t.c.SpringBootTestContextBootstrapper : Loaded default TestExecutionListener class names from location [META-INF/spring.factories]: [org.springframework.security.test.context.support.WithSecurityContextTestExecutionListener, org.springframework.security.test.context.support.ReactorContextTestExecutionListener, org.springframework.boot.test.autoconfigure.restdocs.RestDocsTestExecutionListener, org.springframework.boot.test.autoconfigure.web.client.MockRestServiceServerResetTestExecutionListener, org.springframework.boot.test.autoconfigure.web.servlet.MockMvcPrintOnlyOnFailureTestExecutionListener, org.springframework.boot.test.autoconfigure.web.servlet.WebDriverTestExecutionListener, org.springframework.boot.test.mock.mockito.MockitoTestExecutionListener, org.springframework.boot.test.mock.mockito.ResetMocksTestExecutionListener, org.springframework.test.context.web.ServletTestExecutionListener, org.springframework.test.context.support.DirtiesContextBeforeModesTestExecutionListener, org.springframework.test.context.support.DependencyInjectionTestExecutionListener, org.springframework.test.context.support.DirtiesContextTestExecutionListener, org.springframework.test.context.transaction.TransactionalTestExecutionListener, org.springframework.test.context.jdbc.SqlScriptsTestExecutionListener]
2021-06-17 23:43:24.804  INFO 17876 --- [    Test worker] .b.t.c.SpringBootTestContextBootstrapper : Using TestExecutionListeners: [org.springframework.test.context.web.ServletTestExecutionListener@632372e5, org.springframework.test.context.support.DirtiesContextBeforeModesTestExecutionListener@2b6ab3d3, org.springframework.boot.test.mock.mockito.MockitoTestExecutionListener@5c13d797, org.springframework.boot.test.autoconfigure.SpringBootDependencyInjectionTestExecutionListener@4a4ec724, org.springframework.test.context.support.DirtiesContextTestExecutionListener@320230d2, org.springframework.test.context.transaction.TransactionalTestExecutionListener@4c08e96a, org.springframework.test.context.jdbc.SqlScriptsTestExecutionListener@e653013, org.springframework.security.test.context.support.WithSecurityContextTestExecutionListener@32aea11c, org.springframework.security.test.context.support.ReactorContextTestExecutionListener@1109933b, org.springframework.boot.test.autoconfigure.restdocs.RestDocsTestExecutionListener@1ac17bc9, org.springframework.boot.test.autoconfigure.web.client.MockRestServiceServerResetTestExecutionListener@3d03352a, org.springframework.boot.test.autoconfigure.web.servlet.MockMvcPrintOnlyOnFailureTestExecutionListener@7a62d5d7, org.springframework.boot.test.autoconfigure.web.servlet.WebDriverTestExecutionListener@272f11eb, org.springframework.boot.test.mock.mockito.ResetMocksTestExecutionListener@362139f4]

  .   ____          _            __ _ _
 /\\ / ___'_ __ _ _(_)_ __  __ _ \ \ \ \
( ( )\___ | '_ | '_| | '_ \/ _` | \ \ \ \
 \\/  ___)| |_)| | | | | || (_| |  ) ) ) )
  '  |____| .__|_| |_|_| |_\__, | / / / /
 =========|_|==============|___/=/_/_/_/
 :: Spring Boot ::        (v2.1.7.RELEASE)

2021-06-17 23:43:24.829  INFO 17876 --- [    Test worker] c.s.b.s.web.IndexControllerTest          : Starting IndexControllerTest on DESKTOP-M3QIDCP with PID 17876 (started by jungw in C:\Study\Spring\springboot_aws)
2021-06-17 23:43:24.829  INFO 17876 --- [    Test worker] c.s.b.s.web.IndexControllerTest          : No active profile set, falling back to default profiles: default
2021-06-17 23:43:25.067  INFO 17876 --- [    Test worker] .s.d.r.c.RepositoryConfigurationDelegate : Bootstrapping Spring Data repositories in DEFAULT mode.
2021-06-17 23:43:25.092  INFO 17876 --- [    Test worker] .s.d.r.c.RepositoryConfigurationDelegate : Finished Spring Data repository scanning in 25ms. Found 2 repository interfaces.
2021-06-17 23:43:25.188  INFO 17876 --- [    Test worker] trationDelegate$BeanPostProcessorChecker : Bean 'org.springframework.transaction.annotation.ProxyTransactionManagementConfiguration' of type [org.springframework.transaction.annotation.ProxyTransactionManagementConfiguration$$EnhancerBySpringCGLIB$$b2a25e1f] is not eligible for getting processed by all BeanPostProcessors (for example: not eligible for auto-proxying)
2021-06-17 23:43:25.424  INFO 17876 --- [    Test worker] o.s.b.w.embedded.tomcat.TomcatWebServer  : Tomcat initialized with port(s): 0 (http)
2021-06-17 23:43:25.462  INFO 17876 --- [    Test worker] o.apache.catalina.core.StandardService   : Starting service [Tomcat]
2021-06-17 23:43:25.462  INFO 17876 --- [    Test worker] org.apache.catalina.core.StandardEngine  : Starting Servlet engine: [Apache Tomcat/9.0.22]
2021-06-17 23:43:25.720  INFO 17876 --- [    Test worker] o.a.c.c.C.[Tomcat].[localhost].[/]       : Initializing Spring embedded WebApplicationContext
2021-06-17 23:43:25.721  INFO 17876 --- [    Test worker] o.s.web.context.ContextLoader            : Root WebApplicationContext: initialization completed in 890 ms
2021-06-17 23:43:25.846  INFO 17876 --- [    Test worker] com.zaxxer.hikari.HikariDataSource       : HikariPool-2 - Starting...
2021-06-17 23:43:25.847  INFO 17876 --- [    Test worker] com.zaxxer.hikari.HikariDataSource       : HikariPool-2 - Start completed.
2021-06-17 23:43:25.876  INFO 17876 --- [    Test worker] o.hibernate.jpa.internal.util.LogHelper  : HHH000204: Processing PersistenceUnitInfo [
	name: default
	...]
2021-06-17 23:43:25.886  INFO 17876 --- [    Test worker] org.hibernate.dialect.Dialect            : HHH000400: Using dialect: org.hibernate.dialect.MySQL5InnoDBDialect
Hibernate: drop table if exists posts
Hibernate: drop table if exists user
Hibernate: create table posts (id bigint not null auto_increment, created_date datetime, modified_date datetime, author varchar(255), content TEXT not null, title varchar(500) not null, primary key (id)) engine=InnoDB
Hibernate: create table user (id bigint not null auto_increment, email varchar(255), name varchar(255) not null, picture varchar(255), role varchar(255) not null, primary key (id)) engine=InnoDB
2021-06-17 23:43:25.933  INFO 17876 --- [    Test worker] o.h.t.schema.internal.SchemaCreatorImpl  : HHH000476: Executing import script 'org.hibernate.tool.schema.internal.exec.ScriptSourceInputNonExistentImpl@402d6434'
2021-06-17 23:43:25.933  INFO 17876 --- [    Test worker] j.LocalContainerEntityManagerFactoryBean : Initialized JPA EntityManagerFactory for persistence unit 'default'
2021-06-17 23:43:26.156  INFO 17876 --- [    Test worker] o.h.h.i.QueryTranslatorFactoryInitiator  : HHH000397: Using ASTQueryTranslatorFactory
2021-06-17 23:43:26.261  INFO 17876 --- [    Test worker] o.s.s.web.DefaultSecurityFilterChain     : Creating filter chain: any request, [org.springframework.security.web.context.request.async.WebAsyncManagerIntegrationFilter@71c37289, org.springframework.security.web.context.SecurityContextPersistenceFilter@27139513, org.springframework.security.web.header.HeaderWriterFilter@4a11304c, org.springframework.security.web.authentication.logout.LogoutFilter@53b574b0, org.springframework.security.oauth2.client.web.OAuth2AuthorizationRequestRedirectFilter@5c8b187e, org.springframework.security.oauth2.client.web.OAuth2LoginAuthenticationFilter@24c126f5, org.springframework.security.web.authentication.ui.DefaultLoginPageGeneratingFilter@6835dfa8, org.springframework.security.web.authentication.ui.DefaultLogoutPageGeneratingFilter@1429b272, org.springframework.security.web.savedrequest.RequestCacheAwareFilter@4aa89fe5, org.springframework.security.web.servletapi.SecurityContextHolderAwareRequestFilter@97855ac, org.springframework.security.web.authentication.AnonymousAuthenticationFilter@10e50061, org.springframework.security.web.session.SessionManagementFilter@4394470c, org.springframework.security.web.access.ExceptionTranslationFilter@4814a85c, org.springframework.security.web.access.intercept.FilterSecurityInterceptor@7b83c192]
2021-06-17 23:43:26.400  INFO 17876 --- [    Test worker] o.s.s.concurrent.ThreadPoolTaskExecutor  : Initializing ExecutorService 'applicationTaskExecutor'
2021-06-17 23:43:26.407  WARN 17876 --- [    Test worker] aWebConfiguration$JpaWebMvcConfiguration : spring.jpa.open-in-view is enabled by default. Therefore, database queries may be performed during view rendering. Explicitly configure spring.jpa.open-in-view to disable this warning
2021-06-17 23:43:26.424  INFO 17876 --- [    Test worker] o.s.b.a.w.s.WelcomePageHandlerMapping    : Adding welcome page template: index
2021-06-17 23:43:26.627  INFO 17876 --- [    Test worker] s.a.ScheduledAnnotationBeanPostProcessor : No TaskScheduler/ScheduledExecutorService bean found for scheduled processing
2021-06-17 23:43:26.644  INFO 17876 --- [    Test worker] o.s.b.w.embedded.tomcat.TomcatWebServer  : Tomcat started on port(s): 12738 (http) with context path ''
2021-06-17 23:43:26.645  INFO 17876 --- [    Test worker] c.s.b.s.web.IndexControllerTest          : Started IndexControllerTest in 1.84 seconds (JVM running for 10.12)
2021-06-17 23:43:26.747  INFO 17876 --- [o-auto-1-exec-1] o.a.c.c.C.[Tomcat].[localhost].[/]       : Initializing Spring DispatcherServlet 'dispatcherServlet'
2021-06-17 23:43:26.748  INFO 17876 --- [o-auto-1-exec-1] o.s.web.servlet.DispatcherServlet        : Initializing Servlet 'dispatcherServlet'
2021-06-17 23:43:26.760  INFO 17876 --- [o-auto-1-exec-1] o.s.web.servlet.DispatcherServlet        : Completed initialization in 12 ms
Hibernate: select posts0_.id as id1_0_, posts0_.created_date as created_2_0_, posts0_.modified_date as modified3_0_, posts0_.author as author4_0_, posts0_.content as content5_0_, posts0_.title as title6_0_ from posts posts0_ order by posts0_.id DESC
]]></system-out>
  <system-err><![CDATA[]]></system-err>
</testsuite>
