<?xml version="1.0" encoding="UTF-8"?>
<testsuite name="com.springboot_aws.book.springboot.web.PostsApiControllerTest" tests="2" skipped="0" failures="0" errors="0" timestamp="2021-06-17T14:43:26" hostname="DESKTOP-M3QIDCP" time="0.092">
  <properties/>
  <testcase name="postsWrite" classname="com.springboot_aws.book.springboot.web.PostsApiControllerTest" time="0.067"/>
  <testcase name="postsUpdateTest" classname="com.springboot_aws.book.springboot.web.PostsApiControllerTest" time="0.025"/>
  <system-out><![CDATA[2021-06-17 23:43:26.833  INFO 17876 --- [    Test worker] .b.t.c.SpringBootTestContextBootstrapper : Neither @ContextConfiguration nor @ContextHierarchy found for test class [com.springboot_aws.book.springboot.web.PostsApiControllerTest], using SpringBootContextLoader
2021-06-17 23:43:26.833  INFO 17876 --- [    Test worker] o.s.t.c.support.AbstractContextLoader    : Could not detect default resource locations for test class [com.springboot_aws.book.springboot.web.PostsApiControllerTest]: no resource found for suffixes {-context.xml, Context.groovy}.
2021-06-17 23:43:26.834  INFO 17876 --- [    Test worker] t.c.s.AnnotationConfigContextLoaderUtils : Could not detect default configuration classes for test class [com.springboot_aws.book.springboot.web.PostsApiControllerTest]: PostsApiControllerTest does not declare any static, non-private, non-final, nested classes annotated with @Configuration.
2021-06-17 23:43:26.835  INFO 17876 --- [    Test worker] .b.t.c.SpringBootTestContextBootstrapper : Found @SpringBootConfiguration com.springboot_aws.book.springboot.Application for test class com.springboot_aws.book.springboot.web.PostsApiControllerTest
2021-06-17 23:43:26.836  INFO 17876 --- [    Test worker] .b.t.c.SpringBootTestContextBootstrapper : Loaded default TestExecutionListener class names from location [META-INF/spring.factories]: [org.springframework.security.test.context.support.WithSecurityContextTestExecutionListener, org.springframework.security.test.context.support.ReactorContextTestExecutionListener, org.springframework.boot.test.autoconfigure.restdocs.RestDocsTestExecutionListener, org.springframework.boot.test.autoconfigure.web.client.MockRestServiceServerResetTestExecutionListener, org.springframework.boot.test.autoconfigure.web.servlet.MockMvcPrintOnlyOnFailureTestExecutionListener, org.springframework.boot.test.autoconfigure.web.servlet.WebDriverTestExecutionListener, org.springframework.boot.test.mock.mockito.MockitoTestExecutionListener, org.springframework.boot.test.mock.mockito.ResetMocksTestExecutionListener, org.springframework.test.context.web.ServletTestExecutionListener, org.springframework.test.context.support.DirtiesContextBeforeModesTestExecutionListener, org.springframework.test.context.support.DependencyInjectionTestExecutionListener, org.springframework.test.context.support.DirtiesContextTestExecutionListener, org.springframework.test.context.transaction.TransactionalTestExecutionListener, org.springframework.test.context.jdbc.SqlScriptsTestExecutionListener]
2021-06-17 23:43:26.837  INFO 17876 --- [    Test worker] .b.t.c.SpringBootTestContextBootstrapper : Using TestExecutionListeners: [org.springframework.test.context.web.ServletTestExecutionListener@4a526cd2, org.springframework.test.context.support.DirtiesContextBeforeModesTestExecutionListener@404185c2, org.springframework.boot.test.mock.mockito.MockitoTestExecutionListener@2c1312de, org.springframework.boot.test.autoconfigure.SpringBootDependencyInjectionTestExecutionListener@4cd5753f, org.springframework.test.context.support.DirtiesContextTestExecutionListener@1538b48b, org.springframework.test.context.transaction.TransactionalTestExecutionListener@599b5c7b, org.springframework.test.context.jdbc.SqlScriptsTestExecutionListener@6daa3074, org.springframework.security.test.context.support.WithSecurityContextTestExecutionListener@a31dc73, org.springframework.security.test.context.support.ReactorContextTestExecutionListener@5afdad52, org.springframework.boot.test.autoconfigure.restdocs.RestDocsTestExecutionListener@59065af2, org.springframework.boot.test.autoconfigure.web.client.MockRestServiceServerResetTestExecutionListener@6593f836, org.springframework.boot.test.autoconfigure.web.servlet.MockMvcPrintOnlyOnFailureTestExecutionListener@61c562b3, org.springframework.boot.test.autoconfigure.web.servlet.WebDriverTestExecutionListener@56e5d4e4, org.springframework.boot.test.mock.mockito.ResetMocksTestExecutionListener@3ddfc500]
2021-06-17 23:43:26.844  INFO 17876 --- [    Test worker] o.a.c.c.C.[Tomcat].[localhost].[/]       : Initializing Spring TestDispatcherServlet ''
2021-06-17 23:43:26.844  INFO 17876 --- [    Test worker] o.s.t.web.servlet.TestDispatcherServlet  : Initializing Servlet ''
2021-06-17 23:43:26.845  INFO 17876 --- [    Test worker] o.s.t.web.servlet.TestDispatcherServlet  : Completed initialization in 1 ms
Hibernate: insert into posts (created_date, modified_date, author, content, title) values (?, ?, ?, ?, ?)
Hibernate: select posts0_.id as id1_0_, posts0_.created_date as created_2_0_, posts0_.modified_date as modified3_0_, posts0_.author as author4_0_, posts0_.content as content5_0_, posts0_.title as title6_0_ from posts posts0_
Hibernate: select posts0_.id as id1_0_, posts0_.created_date as created_2_0_, posts0_.modified_date as modified3_0_, posts0_.author as author4_0_, posts0_.content as content5_0_, posts0_.title as title6_0_ from posts posts0_
Hibernate: delete from posts where id=?
2021-06-17 23:43:26.908  INFO 17876 --- [    Test worker] o.a.c.c.C.[Tomcat].[localhost].[/]       : Initializing Spring TestDispatcherServlet ''
2021-06-17 23:43:26.909  INFO 17876 --- [    Test worker] o.s.t.web.servlet.TestDispatcherServlet  : Initializing Servlet ''
2021-06-17 23:43:26.910  INFO 17876 --- [    Test worker] o.s.t.web.servlet.TestDispatcherServlet  : Completed initialization in 1 ms
Hibernate: insert into posts (created_date, modified_date, author, content, title) values (?, ?, ?, ?, ?)
Hibernate: select posts0_.id as id1_0_0_, posts0_.created_date as created_2_0_0_, posts0_.modified_date as modified3_0_0_, posts0_.author as author4_0_0_, posts0_.content as content5_0_0_, posts0_.title as title6_0_0_ from posts posts0_ where posts0_.id=?
Hibernate: update posts set created_date=?, modified_date=?, author=?, content=?, title=? where id=?
Hibernate: select posts0_.id as id1_0_, posts0_.created_date as created_2_0_, posts0_.modified_date as modified3_0_, posts0_.author as author4_0_, posts0_.content as content5_0_, posts0_.title as title6_0_ from posts posts0_
Hibernate: select posts0_.id as id1_0_, posts0_.created_date as created_2_0_, posts0_.modified_date as modified3_0_, posts0_.author as author4_0_, posts0_.content as content5_0_, posts0_.title as title6_0_ from posts posts0_
Hibernate: delete from posts where id=?
]]></system-out>
  <system-err><![CDATA[]]></system-err>
</testsuite>
